#! /foss/tools/iverilog/cc0a8c8dd2fef69c4f7fb8219542b1c03a71a3b4/bin/vvp
:ivl_version "12.0 (devel)" "(s20150603-1288-gcc0a8c8-dirty)";
:ivl_delay_selection "TYPICAL";
:vpi_time_precision - 12;
:vpi_module "/foss/tools/iverilog/cc0a8c8dd2fef69c4f7fb8219542b1c03a71a3b4/lib/ivl/system.vpi";
:vpi_module "/foss/tools/iverilog/cc0a8c8dd2fef69c4f7fb8219542b1c03a71a3b4/lib/ivl/vhdl_sys.vpi";
:vpi_module "/foss/tools/iverilog/cc0a8c8dd2fef69c4f7fb8219542b1c03a71a3b4/lib/ivl/vhdl_textio.vpi";
:vpi_module "/foss/tools/iverilog/cc0a8c8dd2fef69c4f7fb8219542b1c03a71a3b4/lib/ivl/v2005_math.vpi";
:vpi_module "/foss/tools/iverilog/cc0a8c8dd2fef69c4f7fb8219542b1c03a71a3b4/lib/ivl/va_math.vpi";
S_0x9f6540 .scope module, "counter_tb" "counter_tb" 2 20;
 .timescale -9 -12;
v0xa1ef00_0 .var "RSTB", 0 0;
v0xa1efd0_0 .var "clock", 0 0;
v0xa1f0a0_0 .net "out", 3 0, v0xa1ecd0_0;  1 drivers
v0xa1f1a0_0 .var "power1", 0 0;
v0xa1f240_0 .var "power2", 0 0;
S_0x9ced50 .scope module, "c0" "counter" 2 62, 3 76 0, S_0x9f6540;
 .timescale 0 0;
    .port_info 0 /INPUT 1 "clk";
    .port_info 1 /INPUT 1 "rstn";
    .port_info 2 /OUTPUT 4 "out";
v0xa09280_0 .net "clk", 0 0, v0xa1efd0_0;  1 drivers
v0xa1ecd0_0 .var "out", 3 0;
v0xa1edb0_0 .net "rstn", 0 0, v0xa1ef00_0;  1 drivers
E_0x9f6360 .event posedge, v0xa09280_0;
S_0x9f5ad0 .scope module, "user_proj_example" "user_proj_example" 3 38;
 .timescale 0 0;
    .port_info 0 /INPUT 38 "io_in";
    .port_info 1 /OUTPUT 38 "io_out";
    .port_info 2 /OUTPUT 38 "io_oeb";
P_0xa093b0 .param/l "BITS" 0 3 39, +C4<00000000000000000000000000100000>;
L_0xa20210 .functor BUFZ 4, v0xa1f6e0_0, C4<0000>, C4<0000>, C4<0000>;
v0xa1f8e0_0 .net *"_ivl_15", 3 0, L_0xa20210;  1 drivers
v0xa1f9c0_0 .net "clk", 0 0, L_0xa1ff40;  1 drivers
o0x7f9095ef32e8 .functor BUFZ 38, C4<zzzzzzzzzzzzzzzzzzzzzzzzzzzzzzzzzzzzzz>; HiZ drive
v0xa1fab0_0 .net "io_in", 37 0, o0x7f9095ef32e8;  0 drivers
L_0x7f9095eaa018 .functor BUFT 1, C4<zzzzzzzzzzzzzzzzzzzzzz000011zzzzzzzzzz>, C4<0>, C4<0>, C4<0>;
v0xa1fb80_0 .net "io_oeb", 37 0, L_0x7f9095eaa018;  1 drivers
v0xa1fc40_0 .net "io_out", 37 0, L_0xa20170;  1 drivers
v0xa1fd70_0 .net "out", 3 0, v0xa1f6e0_0;  1 drivers
v0xa1fe30_0 .net "rstn", 0 0, L_0xa20030;  1 drivers
L_0xa1ff40 .part o0x7f9095ef32e8, 10, 1;
L_0xa20030 .part o0x7f9095ef32e8, 11, 1;
L_0xa20170 .part/pv L_0xa20210, 12, 4, 38;
S_0xa1f330 .scope module, "c0" "counter" 3 67, 3 76 0, S_0x9f5ad0;
 .timescale 0 0;
    .port_info 0 /INPUT 1 "clk";
    .port_info 1 /INPUT 1 "rstn";
    .port_info 2 /OUTPUT 4 "out";
v0xa1f600_0 .net "clk", 0 0, L_0xa1ff40;  alias, 1 drivers
v0xa1f6e0_0 .var "out", 3 0;
v0xa1f7c0_0 .net "rstn", 0 0, L_0xa20030;  alias, 1 drivers
E_0xa1f580 .event posedge, v0xa1f600_0;
    .scope S_0x9ced50;
T_0 ;
    %wait E_0x9f6360;
    %load/vec4 v0xa1edb0_0;
    %nor/r;
    %flag_set/vec4 8;
    %jmp/0xz  T_0.0, 8;
    %pushi/vec4 0, 0, 4;
    %assign/vec4 v0xa1ecd0_0, 0;
    %jmp T_0.1;
T_0.0 ;
    %load/vec4 v0xa1ecd0_0;
    %addi 1, 0, 4;
    %assign/vec4 v0xa1ecd0_0, 0;
T_0.1 ;
    %jmp T_0;
    .thread T_0;
    .scope S_0x9f6540;
T_1 ;
    %delay 12500, 0;
    %load/vec4 v0xa1efd0_0;
    %pushi/vec4 0, 0, 1;
    %cmp/e;
    %flag_get/vec4 6;
    %assign/vec4 v0xa1efd0_0, 0;
    %jmp T_1;
    .thread T_1;
    .scope S_0x9f6540;
T_2 ;
    %pushi/vec4 0, 0, 1;
    %store/vec4 v0xa1efd0_0, 0, 1;
    %end;
    .thread T_2;
    .scope S_0x9f6540;
T_3 ;
    %vpi_call 2 36 "$dumpfile", "counter_tb.vcd" {0 0 0};
    %vpi_call 2 37 "$dumpvars", 32'sb00000000000000000000000000000000, S_0x9f6540 {0 0 0};
    %pushi/vec4 5, 0, 32;
T_3.0 %dup/vec4;
    %pushi/vec4 0, 0, 32;
    %cmp/s;
    %jmp/1xz T_3.1, 5;
    %jmp/1 T_3.1, 4;
    %pushi/vec4 1, 0, 32;
    %sub;
    %pushi/vec4 1000, 0, 32;
T_3.2 %dup/vec4;
    %pushi/vec4 0, 0, 32;
    %cmp/s;
    %jmp/1xz T_3.3, 5;
    %jmp/1 T_3.3, 4;
    %pushi/vec4 1, 0, 32;
    %sub;
    %wait E_0x9f6360;
    %jmp T_3.2;
T_3.3 ;
    %pop/vec4 1;
    %jmp T_3.0;
T_3.1 ;
    %pop/vec4 1;
    %vpi_call 2 43 "$finish" {0 0 0};
    %end;
    .thread T_3;
    .scope S_0x9f6540;
T_4 ;
    %pushi/vec4 0, 0, 1;
    %assign/vec4 v0xa1ef00_0, 0;
    %delay 500000, 0;
    %pushi/vec4 1, 0, 1;
    %assign/vec4 v0xa1ef00_0, 0;
    %end;
    .thread T_4;
    .scope S_0x9f6540;
T_5 ;
    %pushi/vec4 0, 0, 1;
    %assign/vec4 v0xa1f1a0_0, 0;
    %pushi/vec4 0, 0, 1;
    %assign/vec4 v0xa1f240_0, 0;
    %delay 200000, 0;
    %pushi/vec4 1, 0, 1;
    %assign/vec4 v0xa1f1a0_0, 0;
    %delay 200000, 0;
    %pushi/vec4 1, 0, 1;
    %assign/vec4 v0xa1f240_0, 0;
    %end;
    .thread T_5;
    .scope S_0xa1f330;
T_6 ;
    %wait E_0xa1f580;
    %load/vec4 v0xa1f7c0_0;
    %nor/r;
    %flag_set/vec4 8;
    %jmp/0xz  T_6.0, 8;
    %pushi/vec4 0, 0, 4;
    %assign/vec4 v0xa1f6e0_0, 0;
    %jmp T_6.1;
T_6.0 ;
    %load/vec4 v0xa1f6e0_0;
    %addi 1, 0, 4;
    %assign/vec4 v0xa1f6e0_0, 0;
T_6.1 ;
    %jmp T_6;
    .thread T_6;
# The file index is used to find the file name in the following table.
:file_names 4;
    "N/A";
    "<interactive>";
    "counter_tb.v";
    "../../rtl/user_proj_example.v";
